<?xml version="1.0" encoding="UTF-8"?>
<testsuite name="org.zerock.mapper.BoardMapperTests" tests="1" skipped="0" failures="0" errors="0" timestamp="2020-11-12T16:56:52" hostname="DESKTOP-BMOGL8E" time="0.224">
  <properties/>
  <testcase name="testUpdate" classname="org.zerock.mapper.BoardMapperTests" time="0.224"/>
  <system-out><![CDATA[INFO  BoardMapperTests:62 - count
]]></system-out>
  <system-err><![CDATA[172 [Test worker] INFO org.springframework.test.context.support.DefaultTestContextBootstrapper - Loaded default TestExecutionListener class names from location [META-INF/spring.factories]: [org.springframework.test.context.web.ServletTestExecutionListener, org.springframework.test.context.support.DirtiesContextBeforeModesTestExecutionListener, org.springframework.test.context.support.DependencyInjectionTestExecutionListener, org.springframework.test.context.support.DirtiesContextTestExecutionListener, org.springframework.test.context.transaction.TransactionalTestExecutionListener, org.springframework.test.context.jdbc.SqlScriptsTestExecutionListener]
199 [Test worker] INFO org.springframework.test.context.support.DefaultTestContextBootstrapper - Using TestExecutionListeners: [org.springframework.test.context.web.ServletTestExecutionListener@1e6292f4, org.springframework.test.context.support.DirtiesContextBeforeModesTestExecutionListener@7ac45e9c, org.springframework.test.context.support.DependencyInjectionTestExecutionListener@1888f12, org.springframework.test.context.support.DirtiesContextTestExecutionListener@2e35f474, org.springframework.test.context.transaction.TransactionalTestExecutionListener@244a3674, org.springframework.test.context.jdbc.SqlScriptsTestExecutionListener@7c22acdf]
369 [Test worker] INFO org.springframework.beans.factory.xml.XmlBeanDefinitionReader - Loading XML bean definitions from URL [file:src/main/webapp/WEB-INF/spring/root-context.xml]
692 [Test worker] WARN org.mybatis.spring.mapper.ClassPathMapperScanner - Skipping MapperFactoryBean with name 'boardMapper' and 'org.zerock.mapper.BoardMapper' mapperInterface. Bean already defined with the same name!
692 [Test worker] WARN org.mybatis.spring.mapper.ClassPathMapperScanner - Skipping MapperFactoryBean with name 'timeMapper' and 'org.zerock.mapper.TimeMapper' mapperInterface. Bean already defined with the same name!
692 [Test worker] WARN org.mybatis.spring.mapper.ClassPathMapperScanner - No MyBatis mapper was found in '[org.zerock.mapper]' package. Please check your configuration.
714 [Test worker] INFO org.springframework.context.support.GenericApplicationContext - Refreshing org.springframework.context.support.GenericApplicationContext@55b9c65e: startup date [Fri Nov 13 01:56:50 KST 2020]; root of context hierarchy
1097 [Test worker] INFO com.zaxxer.hikari.HikariDataSource - HikariPool-1 - Starting...
2389 [Test worker] INFO jdbc.connection - 1. Connection opened
2390 [Test worker] INFO jdbc.audit - 1. Connection.new Connection returned 
2390 [Test worker] INFO com.zaxxer.hikari.pool.PoolBase - HikariPool-1 - Driver does not support get/set network timeout for connections. (net.sf.log4jdbc.sql.jdbcapi.ConnectionSpy.getNetworkTimeout()I)
2390 [Test worker] INFO jdbc.audit - 1. Connection.setReadOnly(false) returned 
2390 [Test worker] INFO jdbc.audit - 1. Connection.setAutoCommit(true) returned 
2392 [Test worker] INFO jdbc.audit - 1. Connection.isValid(1) returned true
2392 [Test worker] INFO jdbc.audit - 1. Connection.getTransactionIsolation() returned 2
2397 [Test worker] INFO com.zaxxer.hikari.HikariDataSource - HikariPool-1 - Start completed.
2557 [HikariPool-1 connection adder] INFO jdbc.connection - 2. Connection opened
2557 [HikariPool-1 connection adder] INFO jdbc.audit - 2. Connection.new Connection returned 
2557 [HikariPool-1 connection adder] INFO jdbc.audit - 2. Connection.setReadOnly(false) returned 
2557 [HikariPool-1 connection adder] INFO jdbc.audit - 2. Connection.setAutoCommit(true) returned 
2596 [HikariPool-1 connection adder] INFO jdbc.connection - 3. Connection opened
2596 [HikariPool-1 connection adder] INFO jdbc.audit - 3. Connection.new Connection returned 
2596 [HikariPool-1 connection adder] INFO jdbc.audit - 3. Connection.setReadOnly(false) returned 
2596 [HikariPool-1 connection adder] INFO jdbc.audit - 3. Connection.setAutoCommit(true) returned 
2631 [HikariPool-1 connection adder] INFO jdbc.connection - 4. Connection opened
2631 [HikariPool-1 connection adder] INFO jdbc.audit - 4. Connection.new Connection returned 
2631 [HikariPool-1 connection adder] INFO jdbc.audit - 4. Connection.setReadOnly(false) returned 
2631 [HikariPool-1 connection adder] INFO jdbc.audit - 4. Connection.setAutoCommit(true) returned 
2671 [HikariPool-1 connection adder] INFO jdbc.connection - 5. Connection opened
2671 [HikariPool-1 connection adder] INFO jdbc.audit - 5. Connection.new Connection returned 
2671 [HikariPool-1 connection adder] INFO jdbc.audit - 5. Connection.setReadOnly(false) returned 
2671 [HikariPool-1 connection adder] INFO jdbc.audit - 5. Connection.setAutoCommit(true) returned 
2716 [HikariPool-1 connection adder] INFO jdbc.connection - 6. Connection opened
2716 [HikariPool-1 connection adder] INFO jdbc.audit - 6. Connection.new Connection returned 
2717 [HikariPool-1 connection adder] INFO jdbc.audit - 6. Connection.setReadOnly(false) returned 
2717 [HikariPool-1 connection adder] INFO jdbc.audit - 6. Connection.setAutoCommit(true) returned 
2768 [HikariPool-1 connection adder] INFO jdbc.connection - 7. Connection opened
2768 [HikariPool-1 connection adder] INFO jdbc.audit - 7. Connection.new Connection returned 
2768 [HikariPool-1 connection adder] INFO jdbc.audit - 7. Connection.setReadOnly(false) returned 
2768 [HikariPool-1 connection adder] INFO jdbc.audit - 7. Connection.setAutoCommit(true) returned 
2813 [HikariPool-1 connection adder] INFO jdbc.connection - 8. Connection opened
2813 [HikariPool-1 connection adder] INFO jdbc.audit - 8. Connection.new Connection returned 
2813 [HikariPool-1 connection adder] INFO jdbc.audit - 8. Connection.setReadOnly(false) returned 
2813 [HikariPool-1 connection adder] INFO jdbc.audit - 8. Connection.setAutoCommit(true) returned 
2833 [Test worker] INFO jdbc.audit - 1. Connection.getAutoCommit() returned true
2856 [HikariPool-1 connection adder] INFO jdbc.connection - 9. Connection opened
2856 [HikariPool-1 connection adder] INFO jdbc.audit - 9. Connection.new Connection returned 
2856 [HikariPool-1 connection adder] INFO jdbc.audit - 9. Connection.setReadOnly(false) returned 
2856 [HikariPool-1 connection adder] INFO jdbc.audit - 9. Connection.setAutoCommit(true) returned 
2898 [HikariPool-1 connection adder] INFO jdbc.connection - 10. Connection opened
2898 [HikariPool-1 connection adder] INFO jdbc.audit - 10. Connection.new Connection returned 
2898 [HikariPool-1 connection adder] INFO jdbc.audit - 10. Connection.setReadOnly(false) returned 
2903 [HikariPool-1 connection adder] INFO jdbc.audit - 10. Connection.setAutoCommit(true) returned 
2960 [Test worker] INFO jdbc.audit - 1. PreparedStatement.new PreparedStatement returned 
2960 [Test worker] INFO jdbc.audit - 1. Connection.prepareStatement(update tbl_board set title=?, content=?, writer=?, updatedate = sysdate where bno=?) returned net.sf.log4jdbc.sql.jdbcapi.PreparedStatementSpy@7d8622f9
2968 [Test worker] INFO jdbc.audit - 1. PreparedStatement.setString(1, "after update") returned 
2969 [Test worker] INFO jdbc.audit - 1. PreparedStatement.setString(2, "popopopopo update") returned 
2969 [Test worker] INFO jdbc.audit - 1. PreparedStatement.setString(3, "user99") returned 
2970 [Test worker] INFO jdbc.audit - 1. PreparedStatement.setLong(4, 5) returned 
2971 [Test worker] INFO jdbc.sqlonly - update tbl_board set title='after update', content='popopopopo update', writer='user99', updatedate 
= sysdate where bno=5 

2992 [Test worker] INFO jdbc.sqltiming - update tbl_board set title='after update', content='popopopopo update', writer='user99', updatedate 
= sysdate where bno=5 
 {executed in 21 msec}
2992 [Test worker] INFO jdbc.audit - 1. PreparedStatement.execute() returned false
2992 [Test worker] INFO jdbc.audit - 1. PreparedStatement.getUpdateCount() returned 1
2993 [Test worker] INFO jdbc.audit - 1. PreparedStatement.isClosed() returned false
2993 [Test worker] INFO jdbc.audit - 1. PreparedStatement.close() returned 
2998 [Test worker] INFO jdbc.audit - 1. Connection.clearWarnings() returned 
]]></system-err>
</testsuite>
